<?xml version="1.0" encoding="UTF-8"?>
<!-- Generated by org.testng.reporters.JUnitReportReporter -->
<testsuite hostname="C02Z44NVLVDQ" name="TestCss" tests="1" failures="0" timestamp="6 Dec 2019 19:19:45 GMT" time="13.624" errors="0">
  <testcase name="iTestCSS" time="13.624" classname="TestCss"/>
</testsuite> <!-- TestCss -->
